<?xml version="1.0" encoding="UTF-8"?>
<!-- Generated by org.testng.reporters.JUnitXMLReporter -->
<testsuite ignored="0" hostname="Navneet" failures="2" tests="4" name="Test" time="74.795" errors="0" timestamp="2024-09-05T14:50:44 IST">
  <testcase classname="org.acharyaprashant.testCases.TS_001_ArticlesHomePage" name="verifyArticlViewCounts" time="4.226"/>
  <testcase classname="org.acharyaprashant.testCases.TS_001_ArticlesHomePage" name="verifyArticleLikeCounts" time="28.184">
    <failure type="java.lang.AssertionError" message="Test failed: Current Like count is not less than the updated view count. expected [true] but found [false]">
      <![CDATA[java.lang.AssertionError: Test failed: Current Like count is not less than the updated view count. expected [true] but found [false]
at org.acharyaprashant.pageObject.ArticlesHomePage.verifyArticleLikeCount(ArticlesHomePage.java:184)
at org.acharyaprashant.testCases.TS_001_ArticlesHomePage.verifyArticleLikeCounts(TS_001_ArticlesHomePage.java:57)
at java.base/java.util.ArrayList.forEach(ArrayList.java:1511)
... Removed 30 stack frames]]>
    </failure>
  </testcase> <!-- verifyArticleLikeCounts -->
  <testcase classname="org.acharyaprashant.testCases.TS_001_ArticlesHomePage" name="verifyArticleCommentsCounts" time="7.549">
    <failure type="java.lang.AssertionError" message="Test failed: Current Comments count is not less than the updated view count. expected [true] but found [false]">
      <![CDATA[java.lang.AssertionError: Test failed: Current Comments count is not less than the updated view count. expected [true] but found [false]
at org.acharyaprashant.pageObject.ArticlesHomePage.verifyArticleCommentCount(ArticlesHomePage.java:262)
at org.acharyaprashant.testCases.TS_001_ArticlesHomePage.verifyArticleCommentsCounts(TS_001_ArticlesHomePage.java:70)
at java.base/java.util.ArrayList.forEach(ArrayList.java:1511)
... Removed 30 stack frames]]>
    </failure>
  </testcase> <!-- verifyArticleCommentsCounts -->
  <testcase classname="org.acharyaprashant.testCases.TS_001_ArticlesHomePage" name="verifyHindiArticlesToogle" time="3.596"/>
</testsuite> <!-- Test -->
