<?xml version="1.0" encoding="UTF-8"?>
<!-- Generated by org.testng.reporters.JUnitXMLReporter -->
<testsuite ignored="0" hostname="Navneet" failures="0" tests="3" name="Test" time="56.51" errors="0" timestamp="2024-09-01T23:34:25 IST">
  <testcase classname="org.acharyaprashant.testCases.TS_001_ArticlesHomePage" name="verifyArticlViewCounts" time="9.801"/>
  <testcase classname="org.acharyaprashant.testCases.TS_001_ArticlesHomePage" name="verifyArticleLikeCounts" time="10.663"/>
  <testcase classname="org.acharyaprashant.testCases.TS_001_ArticlesHomePage" name="verifyArticleCommentsCounts" time="26.958"/>
</testsuite> <!-- Test -->
