<?xml version="1.0" encoding="UTF-8"?>
<testng-results ignored="0" total="3" passed="3" failed="0" skipped="0">
  <reporter-output>
  </reporter-output>
  <suite started-at="2024-09-01T23:33:28 IST" name="Suite" finished-at="2024-09-01T23:34:25 IST" duration-ms="56510">
    <groups>
    </groups>
    <test started-at="2024-09-01T23:33:28 IST" name="Test" finished-at="2024-09-01T23:34:25 IST" duration-ms="56510">
      <class name="org.acharyaprashant.testCases.TS_001_ArticlesHomePage">
        <test-method is-config="true" signature="setUp()[pri:0, instance:org.acharyaprashant.testCases.TS_001_ArticlesHomePage@796065aa]" started-at="2024-09-01T23:33:28 IST" name="setUp" finished-at="2024-09-01T23:33:36 IST" duration-ms="7732" status="PASS">
          <reporter-output>
          </reporter-output>
        </test-method> <!-- setUp -->
        <test-method signature="verifyArticlViewCounts(java.util.HashMap)[pri:1, instance:org.acharyaprashant.testCases.TS_001_ArticlesHomePage@796065aa]" started-at="2024-09-01T23:33:36 IST" name="verifyArticlViewCounts" data-provider="getData" finished-at="2024-09-01T23:33:46 IST" duration-ms="9801" status="PASS">
          <params>
            <param index="0">
              <value>
                <![CDATA[{comment=Articles page test data, commentData=This article is very informative, exptTrendingArtsPageTitle=Acharya Prashant Articles, exptTrendingArts3rdPageTitle=Trending Acharya Prashant Articles, expArtPageTitle=Acharya Prashant}]]>
              </value>
            </param>
          </params>
          <reporter-output>
          </reporter-output>
        </test-method> <!-- verifyArticlViewCounts -->
        <test-method signature="verifyArticleLikeCounts()[pri:2, instance:org.acharyaprashant.testCases.TS_001_ArticlesHomePage@796065aa]" started-at="2024-09-01T23:33:47 IST" name="verifyArticleLikeCounts" finished-at="2024-09-01T23:33:58 IST" duration-ms="10663" status="PASS">
          <reporter-output>
          </reporter-output>
        </test-method> <!-- verifyArticleLikeCounts -->
        <test-method signature="verifyArticleCommentsCounts(java.util.HashMap)[pri:3, instance:org.acharyaprashant.testCases.TS_001_ArticlesHomePage@796065aa]" started-at="2024-09-01T23:33:58 IST" name="verifyArticleCommentsCounts" data-provider="getData" finished-at="2024-09-01T23:34:25 IST" duration-ms="26958" status="PASS">
          <params>
            <param index="0">
              <value>
                <![CDATA[{comment=Articles page test data, commentData=This article is very informative, exptTrendingArtsPageTitle=Acharya Prashant Articles, exptTrendingArts3rdPageTitle=Trending Acharya Prashant Articles, expArtPageTitle=Acharya Prashant}]]>
              </value>
            </param>
          </params>
          <reporter-output>
          </reporter-output>
        </test-method> <!-- verifyArticleCommentsCounts -->
        <test-method is-config="true" signature="tearDown()[pri:0, instance:org.acharyaprashant.testCases.TS_001_ArticlesHomePage@796065aa]" started-at="2024-09-01T23:34:25 IST" name="tearDown" finished-at="2024-09-01T23:34:25 IST" duration-ms="5" status="PASS">
          <reporter-output>
          </reporter-output>
        </test-method> <!-- tearDown -->
      </class> <!-- org.acharyaprashant.testCases.TS_001_ArticlesHomePage -->
    </test> <!-- Test -->
  </suite> <!-- Suite -->
</testng-results>
